<?xml version="1.0" encoding="UTF-8"?>
<robot generator="Robot 7.1.1 (Python 3.13.0 on darwin)" generated="2024-12-02T23:24:12.155456" rpa="false" schemaversion="5">
<suite id="s1" name="Example Test" source="/Users/intern-watanai/Desktop/test-youtube-robot-framework/tests/example_test.robot">
<kw name="Open Browser" owner="SeleniumLibrary" type="SETUP">
<msg time="2024-12-02T23:24:13.143879" level="INFO">Opening browser 'Chrome' to base url 'https://www.youtube.com'.</msg>
<arg>${URL}</arg>
<arg>${BROWSER}</arg>
<doc>Opens a new browser instance to the optional ``url``.</doc>
<status status="PASS" start="2024-12-02T23:24:13.143652" elapsed="41.902869"/>
</kw>
<test id="s1-t1" name="Check YouTube Title" line="11">
<kw name="Title Should Be" owner="SeleniumLibrary">
<msg time="2024-12-02T23:25:02.011816" level="INFO">Page title is 'YouTube'.</msg>
<arg>YouTube</arg>
<doc>Verifies that the current page title equals ``title``.</doc>
<status status="PASS" start="2024-12-02T23:24:55.052035" elapsed="6.959901"/>
</kw>
<status status="PASS" start="2024-12-02T23:24:55.049671" elapsed="6.962486"/>
</test>
<test id="s1-t2" name="Search On YouTube" line="14">
<kw name="Input Text" owner="SeleniumLibrary">
<msg time="2024-12-02T23:25:02.013248" level="INFO">Typing text 'Robot Framework' into text field 'name=search_query'.</msg>
<arg>name=search_query</arg>
<arg>Robot Framework</arg>
<doc>Types the given ``text`` into the text field identified by ``locator``.</doc>
<status status="PASS" start="2024-12-02T23:25:02.012582" elapsed="11.627247"/>
</kw>
<kw name="Click Button" owner="SeleniumLibrary">
<msg time="2024-12-02T23:25:13.641494" level="INFO">Clicking button 'id=search-icon-legacy'.</msg>
<arg>id=search-icon-legacy</arg>
<doc>Clicks the button identified by ``locator``.</doc>
<status status="PASS" start="2024-12-02T23:25:13.640889" elapsed="20.531011"/>
</kw>
<kw name="Wait Until Page Contains Element" owner="SeleniumLibrary">
<msg time="2024-12-02T23:25:52.925699" level="INFO" html="true">&lt;/td&gt;&lt;/tr&gt;&lt;tr&gt;&lt;td colspan="3"&gt;&lt;a href="selenium-screenshot-1.png"&gt;&lt;img src="selenium-screenshot-1.png" width="800px"&gt;&lt;/a&gt;</msg>
<msg time="2024-12-02T23:25:52.925915" level="FAIL">Element 'xpath=//a[contains(@title, "Robot Framework")]' did not appear in 5 seconds.</msg>
<arg>xpath=//a[contains(@title, "Robot Framework")]</arg>
<doc>Waits until the element ``locator`` appears on the current page.</doc>
<status status="FAIL" start="2024-12-02T23:25:34.172836" elapsed="18.760147">Element 'xpath=//a[contains(@title, "Robot Framework")]' did not appear in 5 seconds.</status>
</kw>
<status status="FAIL" start="2024-12-02T23:25:02.012304" elapsed="50.920896">Element 'xpath=//a[contains(@title, "Robot Framework")]' did not appear in 5 seconds.</status>
</test>
<kw name="Close Browser" owner="SeleniumLibrary" type="TEARDOWN">
<doc>Closes the current browser.</doc>
<status status="PASS" start="2024-12-02T23:25:52.933612" elapsed="0.313062"/>
</kw>
<status status="FAIL" start="2024-12-02T23:24:12.160486" elapsed="101.086259"/>
</suite>
<statistics>
<total>
<stat pass="1" fail="1" skip="0">All Tests</stat>
</total>
<tag>
</tag>
<suite>
<stat pass="1" fail="1" skip="0" id="s1" name="Example Test">Example Test</stat>
</suite>
</statistics>
<errors>
</errors>
</robot>
